#
# There is insufficient memory for the Java Runtime Environment to continue.
# Native memory allocation (mmap) failed to map 536870912 bytes. Error detail: G1 virtual space
# Possible reasons:
#   The system is out of physical RAM or swap space
#   This process is running with CompressedOops enabled, and the Java Heap may be blocking the growth of the native heap
# Possible solutions:
#   Reduce memory load on the system
#   Increase physical memory or swap space
#   Check if swap backing store is full
#   Decrease Java heap size (-Xmx/-Xms)
#   Decrease number of Java threads
#   Decrease Java thread stack sizes (-Xss)
#   Set larger code cache with -XX:ReservedCodeCacheSize=
#   JVM is running with Zero Based Compressed Oops mode in which the Java heap is
#     placed in the first 32GB address space. The Java Heap base address is the
#     maximum limit for the native heap growth. Please use -XX:HeapBaseMinAddress
#     to set the Java Heap base and to place the Java Heap above 32GB virtual address.
# This output file may be truncated or incomplete.
#
#  Out of Memory Error (os_windows.cpp:3898), pid=19532, tid=25172
#
# JRE version:  (21.0.6+9) (build )
# Java VM: OpenJDK 64-Bit Server VM (21.0.6+9-b895.109, mixed mode, sharing, tiered, compressed oops, compressed class ptrs, g1 gc, windows-amd64)
# No core dump will be written. Minidumps are not enabled by default on client versions of Windows
#

---------------  S U M M A R Y ------------

Command Line: git4idea.http.GitAskPassApp Username for 'https://github.com': 

Host: AMD Ryzen 7 5700G with Radeon Graphics         , 16 cores, 31G,  Windows 11 , 64 bit Build 26100 (10.0.26100.3775)
Time: Mon Apr 21 21:51:59 2025 Hora oficial do Brasil elapsed time: 0.025574 seconds (0d 0h 0m 0s)

---------------  T H R E A D  ---------------

Current thread (0x0000024ad4362a00):  JavaThread "Unknown thread" [_thread_in_vm, id=25172, stack(0x0000009d5ab00000,0x0000009d5ac00000) (1024K)]

Stack: [0x0000009d5ab00000,0x0000009d5ac00000]
Native frames: (J=compiled Java code, j=interpreted, Vv=VM code, C=native code)
V  [jvm.dll+0x6e5cb9]
V  [jvm.dll+0x8c4113]
V  [jvm.dll+0x8c666e]
V  [jvm.dll+0x8c6d53]
V  [jvm.dll+0x288f76]
V  [jvm.dll+0x6e2575]
V  [jvm.dll+0x6d602a]
V  [jvm.dll+0x3635db]
V  [jvm.dll+0x36b1a6]
V  [jvm.dll+0x3bd4f6]
V  [jvm.dll+0x3bd7c8]
V  [jvm.dll+0x335d2c]
V  [jvm.dll+0x336a1b]
V  [jvm.dll+0x88b569]
V  [jvm.dll+0x3ca6c8]
V  [jvm.dll+0x8745b8]
V  [jvm.dll+0x45f0de]
V  [jvm.dll+0x460dc1]
C  [jli.dll+0x52ab]
C  [ucrtbase.dll+0x37b0]
C  [KERNEL32.DLL+0x2e8d7]
C  [ntdll.dll+0xb14fc]


---------------  P R O C E S S  ---------------

Threads class SMR info:
_java_thread_list=0x00007ffa30c9a148, length=0, elements={
}

Java Threads: ( => current thread )
Total: 0

Other Threads:
  0x0000024ad6811910 WorkerThread "GC Thread#0"                     [id=31452, stack(0x0000009d5ac00000,0x0000009d5ad00000) (1024K)]
  0x0000024ad6824c70 ConcurrentGCThread "G1 Main Marker"            [id=18620, stack(0x0000009d5ad00000,0x0000009d5ae00000) (1024K)]
  0x0000024ad6825670 WorkerThread "G1 Conc#0"                       [id=25524, stack(0x0000009d5ae00000,0x0000009d5af00000) (1024K)]

[error occurred during error reporting (printing all threads), id 0xc0000005, EXCEPTION_ACCESS_VIOLATION (0xc0000005) at pc=0x00007ffa30388e07]
VM state: not at safepoint (not fully initialized)

VM Mutex/Monitor currently owned by a thread:  ([mutex/lock_event])
[0x00007ffa30d0eb30] Heap_lock - owner thread: 0x0000024ad4362a00

Heap address: 0x0000000603400000, size: 8140 MB, Compressed Oops mode: Zero based, Oop shift amount: 3

CDS archive(s) mapped at: [0x0000000000000000-0x0000000000000000-0x0000000000000000), size 0, SharedBaseAddress: 0x0000000800000000, ArchiveRelocationMode: 1.
Narrow klass base: 0x0000000000000000, Narrow klass shift: 0, Narrow klass range: 0x0

GC Precious Log:
 CardTable entry size: 512
 Card Set container configuration: InlinePtr #cards 4 size 8 Array Of Cards #cards 32 size 80 Howl #buckets 8 coarsen threshold 7372 Howl Bitmap #cards 1024 size 144 coarsen threshold 921 Card regions per heap region 1 cards per card region 8192

Heap:
 garbage-first heap   total 0K, used 0K [0x0000000603400000, 0x0000000800000000)
  region size 4096K, 0 young (0K), 0 survivors (0K)
 Metaspace       used 0K, committed 0K, reserved 0K
  class space    used 0K, committed 0K, reserved 0K

Heap Regions: E=young(eden), S=young(survivor), O=old, HS=humongous(starts), HC=humongous(continues), CS=collection set, F=free, TAMS=top-at-mark-start, PB=parsable bottom

Card table byte_map: [0x0000024aeb030000,0x0000024aec020000] _byte_map_base: 0x0000024ae8016000

Marking Bits: (CMBitMap*) 0x0000024ad6811f10
 Bits: [0x0000024aec020000, 0x0000024af3f50000)

GC Heap History (0 events):
No events

Dll operation events (1 events):
Event: 0.010 Loaded shared library C:\Program Files\JetBrains\IntelliJ IDEA 2025.1\jbr\bin\java.dll

Deoptimization events (0 events):
No events

Classes loaded (0 events):
No events

Classes unloaded (0 events):
No events

Classes redefined (0 events):
No events

Internal exceptions (0 events):
No events

ZGC Phase Switch (0 events):
No events

VM Operations (0 events):
No events

Memory protections (0 events):
No events

Nmethod flushes (0 events):
No events

Events (0 events):
No events


Dynamic libraries:
0x00007ff60e390000 - 0x00007ff60e39a000 	C:\Program Files\JetBrains\IntelliJ IDEA 2025.1\jbr\bin\java.exe
0x00007ffad7800000 - 0x00007ffad7a60000 	C:\WINDOWS\SYSTEM32\ntdll.dll
0x00007ffad5860000 - 0x00007ffad5927000 	C:\WINDOWS\System32\KERNEL32.DLL
0x00007ffad4ea0000 - 0x00007ffad526a000 	C:\WINDOWS\System32\KERNELBASE.dll
0x00007ffad49e0000 - 0x00007ffad4b2b000 	C:\WINDOWS\System32\ucrtbase.dll
0x00007ffacf080000 - 0x00007ffacf09b000 	C:\Program Files\JetBrains\IntelliJ IDEA 2025.1\jbr\bin\VCRUNTIME140.dll
0x00007ffab1c90000 - 0x00007ffab1ca8000 	C:\Program Files\JetBrains\IntelliJ IDEA 2025.1\jbr\bin\jli.dll
0x00007ffad63c0000 - 0x00007ffad658c000 	C:\WINDOWS\System32\USER32.dll
0x00007ffad5530000 - 0x00007ffad5557000 	C:\WINDOWS\System32\win32u.dll
0x00007ffabe5a0000 - 0x00007ffabe837000 	C:\WINDOWS\WinSxS\amd64_microsoft.windows.common-controls_6595b64144ccf1df_6.0.26100.3624_none_3e086962e3345f24\COMCTL32.dll
0x00007ffad5620000 - 0x00007ffad564a000 	C:\WINDOWS\System32\GDI32.dll
0x00007ffad7710000 - 0x00007ffad77b9000 	C:\WINDOWS\System32\msvcrt.dll
0x00007ffad5270000 - 0x00007ffad53a1000 	C:\WINDOWS\System32\gdi32full.dll
0x00007ffad4ca0000 - 0x00007ffad4d43000 	C:\WINDOWS\System32\msvcp_win.dll
0x00007ffad72a0000 - 0x00007ffad72cf000 	C:\WINDOWS\System32\IMM32.DLL
0x00007ffacfb90000 - 0x00007ffacfb9c000 	C:\Program Files\JetBrains\IntelliJ IDEA 2025.1\jbr\bin\vcruntime140_1.dll
0x00007ffa7a580000 - 0x00007ffa7a60d000 	C:\Program Files\JetBrains\IntelliJ IDEA 2025.1\jbr\bin\msvcp140.dll
0x00007ffa30040000 - 0x00007ffa30e01000 	C:\Program Files\JetBrains\IntelliJ IDEA 2025.1\jbr\bin\server\jvm.dll
0x00007ffad5930000 - 0x00007ffad59e2000 	C:\WINDOWS\System32\ADVAPI32.dll
0x00007ffad71f0000 - 0x00007ffad7296000 	C:\WINDOWS\System32\sechost.dll
0x00007ffad72e0000 - 0x00007ffad73f6000 	C:\WINDOWS\System32\RPCRT4.dll
0x00007ffad7660000 - 0x00007ffad76d4000 	C:\WINDOWS\System32\WS2_32.dll
0x00007fface470000 - 0x00007fface47b000 	C:\WINDOWS\SYSTEM32\VERSION.dll
0x00007ffad42a0000 - 0x00007ffad42fe000 	C:\WINDOWS\SYSTEM32\POWRPROF.dll
0x00007ffac7330000 - 0x00007ffac7366000 	C:\WINDOWS\SYSTEM32\WINMM.dll
0x00007ffad4280000 - 0x00007ffad4294000 	C:\WINDOWS\SYSTEM32\UMPDC.dll
0x00007ffad37f0000 - 0x00007ffad380a000 	C:\WINDOWS\SYSTEM32\kernel.appcore.dll
0x00007ffacc620000 - 0x00007ffacc62a000 	C:\Program Files\JetBrains\IntelliJ IDEA 2025.1\jbr\bin\jimage.dll
0x00007ffac6760000 - 0x00007ffac69a1000 	C:\WINDOWS\SYSTEM32\DBGHELP.DLL
0x00007ffad6e60000 - 0x00007ffad71e2000 	C:\WINDOWS\System32\combase.dll
0x00007ffad5f00000 - 0x00007ffad5fd6000 	C:\WINDOWS\System32\OLEAUT32.dll
0x00007ffa65300000 - 0x00007ffa65339000 	C:\WINDOWS\SYSTEM32\dbgcore.DLL
0x00007ffad5560000 - 0x00007ffad55f9000 	C:\WINDOWS\System32\bcryptPrimitives.dll
0x00007ffabe050000 - 0x00007ffabe070000 	C:\Program Files\JetBrains\IntelliJ IDEA 2025.1\jbr\bin\java.dll

dbghelp: loaded successfully - version: 4.0.5 - missing functions: none
symbol engine: initialized successfully - sym options: 0x614 - pdb path: .;C:\Program Files\JetBrains\IntelliJ IDEA 2025.1\jbr\bin;C:\WINDOWS\SYSTEM32;C:\WINDOWS\WinSxS\amd64_microsoft.windows.common-controls_6595b64144ccf1df_6.0.26100.3624_none_3e086962e3345f24;C:\Program Files\JetBrains\IntelliJ IDEA 2025.1\jbr\bin\server

VM Arguments:
java_command: git4idea.http.GitAskPassApp Username for 'https://github.com': 
java_class_path (initial): C:/Program Files/JetBrains/IntelliJ IDEA 2025.1/plugins/vcs-git/lib/git4idea-rt.jar;C:/Program Files/JetBrains/IntelliJ IDEA 2025.1/lib/externalProcess-rt.jar
Launcher Type: SUN_STANDARD

[Global flags]
     intx CICompilerCount                          = 12                                        {product} {ergonomic}
     uint ConcGCThreads                            = 3                                         {product} {ergonomic}
     uint G1ConcRefinementThreads                  = 13                                        {product} {ergonomic}
   size_t G1HeapRegionSize                         = 4194304                                   {product} {ergonomic}
    uintx GCDrainStackTargetSize                   = 64                                        {product} {ergonomic}
   size_t InitialHeapSize                          = 536870912                                 {product} {ergonomic}
   size_t MarkStackSize                            = 4194304                                   {product} {ergonomic}
   size_t MaxHeapSize                              = 8535408640                                {product} {ergonomic}
   size_t MinHeapDeltaBytes                        = 4194304                                   {product} {ergonomic}
   size_t MinHeapSize                              = 8388608                                   {product} {ergonomic}
    uintx NonNMethodCodeHeapSize                   = 7602480                                {pd product} {ergonomic}
    uintx NonProfiledCodeHeapSize                  = 122027880                              {pd product} {ergonomic}
    uintx ProfiledCodeHeapSize                     = 122027880                              {pd product} {ergonomic}
    uintx ReservedCodeCacheSize                    = 251658240                              {pd product} {ergonomic}
     bool SegmentedCodeCache                       = true                                      {product} {ergonomic}
   size_t SoftMaxHeapSize                          = 8535408640                             {manageable} {ergonomic}
     bool UseCompressedOops                        = true                           {product lp64_product} {ergonomic}
     bool UseG1GC                                  = true                                      {product} {ergonomic}
     bool UseLargePagesIndividualAllocation        = false                                  {pd product} {ergonomic}

Logging:
Log output configuration:
 #0: stdout all=warning uptime,level,tags foldmultilines=false
 #1: stderr all=off uptime,level,tags foldmultilines=false

Environment Variables:
PATH=C:\Program Files\Git\mingw64\libexec\git-core;C:\Program Files\Git\mingw64\libexec\git-core;C:\Program Files\Git\mingw64\bin;C:\Program Files\Git\usr\bin;C:\Users\arthu\bin;C:\Program Files\Common Files\Oracle\Java\javapath;C:\Program Files (x86)\Common Files\Oracle\Java\java8path;C:\Program Files (x86)\Common Files\Oracle\Java\javapath;C:\WINDOWS\system32;C:\WINDOWS;C:\WINDOWS\System32\Wbem;C:\WINDOWS\System32\WindowsPowerShell\v1.0;C:\WINDOWS\System32\OpenSSH;C:\Program Files\dotnet;C:\Program Files\NVIDIA Corporation\NVIDIA app\NvDLISR;C:\Program Files\nodejs;C:\Program Files\Git\cmd;C:\Program Files\Apache Maven\apache-maven-3.9.9\bin;%JAVA_HOME%\bin;C:\Users\arthu\AppData\Local\Microsoft\WindowsApps;C:\Users\arthu\AppData\Local\Programs\cursor\resources\app\bin;C:\Users\arthu\AppData\Roaming\npm;C:\Users\arthu\AppData\Local\GitHubDesktop\bin;C:\Program Files\JetBrains\IntelliJ IDEA 2025.1\bin
USERNAME=arthu
DISPLAY=:0.0
LC_ALL=en_US.UTF-8
TERM=xterm-256color
TMPDIR=C:\Users\arthu\AppData\Local\Temp
OS=Windows_NT
PROCESSOR_IDENTIFIER=AMD64 Family 25 Model 80 Stepping 0, AuthenticAMD
TMP=C:\Users\arthu\AppData\Local\Temp
TEMP=C:\Users\arthu\AppData\Local\Temp




Periodic native trim disabled

JNI global refs:
JNI global refs: 0, weak refs: 0

JNI global refs memory usage: 0, weak refs: 0

Process memory usage:
Resident Set Size: 13748K (0% of 33340596K total physical memory with 5060760K free physical memory)

OOME stack traces (most recent first):
Classloader memory used:

---------------  S Y S T E M  ---------------

OS:
 Windows 11 , 64 bit Build 26100 (10.0.26100.3775)
OS uptime: 2 days 6:19 hours

CPU: total 16 (initial active 16) (16 cores per cpu, 2 threads per core) family 25 model 80 stepping 0 microcode 0xa50000c, cx8, cmov, fxsr, ht, mmx, 3dnowpref, sse, sse2, sse3, ssse3, sse4a, sse4.1, sse4.2, popcnt, lzcnt, tsc, tscinvbit, avx, avx2, aes, erms, clmul, bmi1, bmi2, adx, sha, fma, vzeroupper, clflush, clflushopt, rdtscp, rdpid, fsrm, f16c, pku, cet_ss
Processor Information for the first 16 processors :
  Max Mhz: 3801, Current Mhz: 3801, Mhz Limit: 3801

Memory: 4k page, system-wide physical 32559M (4942M free)
TotalPageFile size 48518M (AvailPageFile size 253M)
current process WorkingSet (physical memory assigned to process): 13M, peak: 13M
current process commit charge ("private bytes"): 71M, peak: 583M

vm_info: OpenJDK 64-Bit Server VM (21.0.6+9-b895.109) for windows-amd64 JRE (21.0.6+9-b895.109), built on 2025-03-26 by "builduser" with MS VC++ 16.10 / 16.11 (VS2019)

END.
